<?xml version="1.0" encoding="UTF-8"?>
<coverage generated="1650411635915" clover="3.2.0">
  <project timestamp="1650411635915" name="All files">
    <metrics statements="44" coveredstatements="32" conditionals="10" coveredconditionals="4" methods="10" coveredmethods="3" elements="64" coveredelements="39" complexity="0" loc="44" ncloc="44" packages="2" files="4" classes="4"/>
    <package name="express-shipping">
      <metrics statements="29" coveredstatements="21" conditionals="8" coveredconditionals="3" methods="8" coveredmethods="2"/>
      <file name="app.js" path="/Users/austinchao/Documents/RITHM/Assignments/express-shipping/app.js">
        <metrics statements="14" coveredstatements="13" conditionals="4" coveredconditionals="3" methods="2" coveredmethods="1"/>
        <line num="5" count="1" type="stmt"/>
        <line num="6" count="1" type="stmt"/>
        <line num="7" count="1" type="stmt"/>
        <line num="8" count="1" type="stmt"/>
        <line num="10" count="1" type="stmt"/>
        <line num="11" count="1" type="stmt"/>
        <line num="15" count="1" type="stmt"/>
        <line num="16" count="0" type="stmt"/>
        <line num="20" count="1" type="stmt"/>
        <line num="21" count="2" type="cond" truecount="2" falsecount="0"/>
        <line num="22" count="2" type="stmt"/>
        <line num="23" count="2" type="cond" truecount="1" falsecount="1"/>
        <line num="24" count="2" type="stmt"/>
        <line num="29" count="1" type="stmt"/>
      </file>
      <file name="expressError.js" path="/Users/austinchao/Documents/RITHM/Assignments/express-shipping/expressError.js">
        <metrics statements="8" coveredstatements="1" conditionals="4" coveredconditionals="0" methods="5" coveredmethods="0"/>
        <line num="9" count="0" type="stmt"/>
        <line num="10" count="0" type="stmt"/>
        <line num="11" count="0" type="stmt"/>
        <line num="19" count="0" type="stmt"/>
        <line num="27" count="0" type="stmt"/>
        <line num="35" count="0" type="stmt"/>
        <line num="43" count="0" type="stmt"/>
        <line num="47" count="1" type="stmt"/>
      </file>
      <file name="shipItApi.js" path="/Users/austinchao/Documents/RITHM/Assignments/express-shipping/shipItApi.js">
        <metrics statements="7" coveredstatements="7" conditionals="0" coveredconditionals="0" methods="1" coveredmethods="1"/>
        <line num="3" count="2" type="stmt"/>
        <line num="4" count="2" type="stmt"/>
        <line num="6" count="2" type="stmt"/>
        <line num="15" count="1" type="stmt"/>
        <line num="17" count="1" type="stmt"/>
        <line num="29" count="1" type="stmt"/>
        <line num="32" count="2" type="stmt"/>
      </file>
    </package>
    <package name="express-shipping.routes">
      <metrics statements="15" coveredstatements="11" conditionals="2" coveredconditionals="1" methods="2" coveredmethods="1"/>
      <file name="shipments.js" path="/Users/austinchao/Documents/RITHM/Assignments/express-shipping/routes/shipments.js">
        <metrics statements="15" coveredstatements="11" conditionals="2" coveredconditionals="1" methods="2" coveredmethods="1"/>
        <line num="3" count="1" type="stmt"/>
        <line num="4" count="1" type="stmt"/>
        <line num="5" count="1" type="stmt"/>
        <line num="6" count="1" type="stmt"/>
        <line num="7" count="1" type="stmt"/>
        <line num="9" count="1" type="stmt"/>
        <line num="19" count="1" type="stmt"/>
        <line num="20" count="2" type="stmt"/>
        <line num="22" count="2" type="cond" truecount="1" falsecount="1"/>
        <line num="23" count="0" type="stmt"/>
        <line num="24" count="0" type="stmt"/>
        <line num="27" count="2" type="stmt"/>
        <line num="28" count="0" type="stmt"/>
        <line num="29" count="0" type="stmt"/>
        <line num="33" count="1" type="stmt"/>
      </file>
    </package>
  </project>
</coverage>
